0 info it worked if it ends with ok
1 verbose cli [ '/Users/jharding/.nvm/versions/node/v6.0.0/bin/node',
1 verbose cli   '/usr/local/bin/npm',
1 verbose cli   'start' ]
2 info using npm@3.8.8
3 info using node@v6.0.0
4 verbose run-script [ 'prestart', 'start', 'poststart' ]
5 info lifecycle test_site_react_client@1.0.0~prestart: test_site_react_client@1.0.0
6 silly lifecycle test_site_react_client@1.0.0~prestart: no script for prestart, continuing
7 info lifecycle test_site_react_client@1.0.0~start: test_site_react_client@1.0.0
8 verbose lifecycle test_site_react_client@1.0.0~start: unsafe-perm in lifecycle true
9 verbose lifecycle test_site_react_client@1.0.0~start: PATH: /usr/local/lib/node_modules/npm/bin/node-gyp-bin:/Users/jharding/test_site/react_client/node_modules/.bin:/Users/jharding/.nvm/versions/node/v6.0.0/bin:/opt/local/bin:/usr/local/bin:/opt/local/sbin:/Users/jharding/gradle-2.3/bin:/Users/jharding/.rbenv/shims:/Users/jharding/.nvm/versions/node/v6.0.0/bin:/usr/local/bin:/usr/bin:/bin:/usr/sbin:/sbin:/opt/X11/bin:/Applications/Server.app/Contents/ServerRoot/usr/bin:/Applications/Server.app/Contents/ServerRoot/usr/sbin:/opt/local/bin:/opt/local/sbin:/Users/jharding/gradle-2.3/bin:/Users/jharding/.rbenv/shims
10 verbose lifecycle test_site_react_client@1.0.0~start: CWD: /Users/jharding/test_site/react_client
11 silly lifecycle test_site_react_client@1.0.0~start: Args: [ '-c', 'node index.js' ]
12 silly lifecycle test_site_react_client@1.0.0~start: Returned: code: 1  signal: null
13 info lifecycle test_site_react_client@1.0.0~start: Failed to exec start script
14 verbose stack Error: test_site_react_client@1.0.0 start: `node index.js`
14 verbose stack Exit status 1
14 verbose stack     at EventEmitter.<anonymous> (/usr/local/lib/node_modules/npm/lib/utils/lifecycle.js:244:16)
14 verbose stack     at emitTwo (events.js:106:13)
14 verbose stack     at EventEmitter.emit (events.js:191:7)
14 verbose stack     at ChildProcess.<anonymous> (/usr/local/lib/node_modules/npm/lib/utils/spawn.js:24:14)
14 verbose stack     at emitTwo (events.js:106:13)
14 verbose stack     at ChildProcess.emit (events.js:191:7)
14 verbose stack     at maybeClose (internal/child_process.js:850:16)
14 verbose stack     at Process.ChildProcess._handle.onexit (internal/child_process.js:215:5)
15 verbose pkgid test_site_react_client@1.0.0
16 verbose cwd /Users/jharding/test_site/react_client
17 error Darwin 15.5.0
18 error argv "/Users/jharding/.nvm/versions/node/v6.0.0/bin/node" "/usr/local/bin/npm" "start"
19 error node v6.0.0
20 error npm  v3.8.8
21 error code ELIFECYCLE
22 error test_site_react_client@1.0.0 start: `node index.js`
22 error Exit status 1
23 error Failed at the test_site_react_client@1.0.0 start script 'node index.js'.
23 error Make sure you have the latest version of node.js and npm installed.
23 error If you do, this is most likely a problem with the test_site_react_client package,
23 error not with npm itself.
23 error Tell the author that this fails on your system:
23 error     node index.js
23 error You can get information on how to open an issue for this project with:
23 error     npm bugs test_site_react_client
23 error Or if that isn't available, you can get their info via:
23 error     npm owner ls test_site_react_client
23 error There is likely additional logging output above.
24 verbose exit [ 1, true ]
